<?xml version="1.0" encoding="UTF-8"?>
<!-- Generated by org.testng.reporters.JUnitReportReporter -->
<testsuite hostname="C02DC2TTML85" failures="0" tests="1" name="base.LoginTest" time="1.528" errors="0" timestamp="16 Aug 2021 11:56:36 GMT" skipped="0">
  <testcase classname="base.LoginTest" name="testSuccessfullLogin" time="1.528"/>
</testsuite> <!-- base.LoginTest -->
